Vivado Simulator 2018.2
Time resolution is 1 ps
error 15,1, 0, 0, 0 , 0 out != expectedOut
error 15,1, 0, 1, 0 , 0 out != expectedOut
error 15,1, 0, 2, 0 , 0 out != expectedOut
error 15,1, 0, 3, 0 , 0 out != expectedOut
error 15,1, 0, 4, 0 , 0 out != expectedOut
error 15,1, 0, 5, 0 , 0 out != expectedOut
error 15,1, 0, 6, 0 , 0 out != expectedOut
error 15,1, 0, 7, 0 , 0 out != expectedOut
error 15,1, 0, 8, 0 , 0 out != expectedOut
error 15,1, 0, 9, 0 , 0 out != expectedOut
error 15,1, 0,10, 0 , 0 out != expectedOut
error 15,1, 0,11, 0 , 0 out != expectedOut
error 15,1, 0,12, 0 , 0 out != expectedOut
error 15,1, 0,13, 0 , 0 out != expectedOut
error 15,1, 0,14, 0 , 0 out != expectedOut
error 15,1, 0,15, 0 , 0 out != expectedOut
error 14,0, 1, 0, 0 , 0 out != expectedOut
error 1 zFlag
error 14,0, 1, 1, 0 , 0 out != expectedOut
error 1 zFlag
error 14,0, 1, 2, 0 , 0 out != expectedOut
error 1 zFlag
error 14,0, 1, 3, 0 , 0 out != expectedOut
error 1 zFlag
error 14,0, 1, 4, 0 , 0 out != expectedOut
error 1 zFlag
error 14,0, 1, 5, 0 , 0 out != expectedOut
error 1 zFlag
error 14,0, 1, 6, 0 , 0 out != expectedOut
error 1 zFlag
error 14,0, 1, 7, 0 , 0 out != expectedOut
error 1 zFlag
error 14,0, 1, 8, 0 , 0 out != expectedOut
error 1 zFlag
error 14,0, 1, 9, 0 , 0 out != expectedOut
error 1 zFlag
error 14,0, 1,10, 0 , 0 out != expectedOut
error 1 zFlag
error 14,0, 1,11, 0 , 0 out != expectedOut
error 1 zFlag
error 14,0, 1,12, 0 , 0 out != expectedOut
error 1 zFlag
error 14,0, 1,13, 0 , 0 out != expectedOut
error 1 zFlag
error 14,0, 1,14, 0 , 0 out != expectedOut
error 1 zFlag
error 14,0, 1,15, 0 , 0 out != expectedOut
error 1 zFlag
error 13,1, 2, 0, 0 , 0 out != expectedOut
error 13,1, 2, 1, 0 , 0 out != expectedOut
error 13,1, 2, 2, 0 , 0 out != expectedOut
error 13,1, 2, 3, 0 , 0 out != expectedOut
error 13,1, 2, 4, 0 , 0 out != expectedOut
error 13,1, 2, 5, 0 , 0 out != expectedOut
error 13,1, 2, 6, 0 , 0 out != expectedOut
error 13,1, 2, 7, 0 , 0 out != expectedOut
error 13,1, 2, 8, 0 , 0 out != expectedOut
error 13,1, 2, 9, 0 , 0 out != expectedOut
error 13,1, 2,10, 0 , 0 out != expectedOut
error 13,1, 2,11, 0 , 0 out != expectedOut
error 13,1, 2,12, 0 , 0 out != expectedOut
error 13,1, 2,13, 0 , 0 out != expectedOut
error 13,1, 2,14, 0 , 0 out != expectedOut
error 13,1, 2,15, 0 , 0 out != expectedOut
error 12,0, 3, 0, 0 , 0 out != expectedOut
error 1 zFlag
error 12,0, 3, 1, 0 , 0 out != expectedOut
error 1 zFlag
error 12,0, 3, 2, 0 , 0 out != expectedOut
error 1 zFlag
error 12,0, 3, 3, 0 , 0 out != expectedOut
error 1 zFlag
error 12,0, 3, 4, 0 , 0 out != expectedOut
error 1 zFlag
error 12,0, 3, 5, 0 , 0 out != expectedOut
error 1 zFlag
error 12,0, 3, 6, 0 , 0 out != expectedOut
error 1 zFlag
error 12,0, 3, 7, 0 , 0 out != expectedOut
error 1 zFlag
error 12,0, 3, 8, 0 , 0 out != expectedOut
error 1 zFlag
error 12,0, 3, 9, 0 , 0 out != expectedOut
error 1 zFlag
error 12,0, 3,10, 0 , 0 out != expectedOut
error 1 zFlag
error 12,0, 3,11, 0 , 0 out != expectedOut
error 1 zFlag
error 12,0, 3,12, 0 , 0 out != expectedOut
error 1 zFlag
error 12,0, 3,13, 0 , 0 out != expectedOut
error 1 zFlag
error 12,0, 3,14, 0 , 0 out != expectedOut
error 1 zFlag
error 12,0, 3,15, 0 , 0 out != expectedOut
error 1 zFlag
error 11,1, 4, 0, 0 , 0 out != expectedOut
error 11,1, 4, 1, 0 , 0 out != expectedOut
error 11,1, 4, 2, 0 , 0 out != expectedOut
error 11,1, 4, 3, 0 , 0 out != expectedOut
error 11,1, 4, 4, 0 , 0 out != expectedOut
error 11,1, 4, 5, 0 , 0 out != expectedOut
error 11,1, 4, 6, 0 , 0 out != expectedOut
error 11,1, 4, 7, 0 , 0 out != expectedOut
error 11,1, 4, 8, 0 , 0 out != expectedOut
error 11,1, 4, 9, 0 , 0 out != expectedOut
error 11,1, 4,10, 0 , 0 out != expectedOut
error 11,1, 4,11, 0 , 0 out != expectedOut
error 11,1, 4,12, 0 , 0 out != expectedOut
error 11,1, 4,13, 0 , 0 out != expectedOut
error 11,1, 4,14, 0 , 0 out != expectedOut
error 11,1, 4,15, 0 , 0 out != expectedOut
error 10,0, 5, 0, 0 , 0 out != expectedOut
error 1 zFlag
error 10,0, 5, 1, 0 , 0 out != expectedOut
error 1 zFlag
error 10,0, 5, 2, 0 , 0 out != expectedOut
error 1 zFlag
error 10,0, 5, 3, 0 , 0 out != expectedOut
error 1 zFlag
error 10,0, 5, 4, 0 , 0 out != expectedOut
error 1 zFlag
error 10,0, 5, 5, 0 , 0 out != expectedOut
error 1 zFlag
error 10,0, 5, 6, 0 , 0 out != expectedOut
error 1 zFlag
error 10,0, 5, 7, 0 , 0 out != expectedOut
error 1 zFlag
error 10,0, 5, 8, 0 , 0 out != expectedOut
error 1 zFlag
error 10,0, 5, 9, 0 , 0 out != expectedOut
error 1 zFlag
error 10,0, 5,10, 0 , 0 out != expectedOut
error 1 zFlag
error 10,0, 5,11, 0 , 0 out != expectedOut
error 1 zFlag
error 10,0, 5,12, 0 , 0 out != expectedOut
error 1 zFlag
error 10,0, 5,13, 0 , 0 out != expectedOut
error 1 zFlag
error 10,0, 5,14, 0 , 0 out != expectedOut
error 1 zFlag
error 10,0, 5,15, 0 , 0 out != expectedOut
error 1 zFlag
error  9,1, 6, 0, 0 , 0 out != expectedOut
error  9,1, 6, 1, 0 , 0 out != expectedOut
error  9,1, 6, 2, 0 , 0 out != expectedOut
error  9,1, 6, 3, 0 , 0 out != expectedOut
